<?xml version="1.0" encoding="UTF-8"?>
<!-- Generated by org.testng.reporters.JUnitXMLReporter -->
<testsuite hostname="den" name="Command line test" tests="21" failures="0" timestamp="22 Nov 2016 12:55:25 GMT" time="33.565" errors="0">
  <testcase name="deleteToDo" time="0.161" classname="mvc.controller.AppControllerTest"/>
  <testcase name="editToDo" time="0.028" classname="mvc.controller.AppControllerTest"/>
  <testcase name="listToDos" time="0.009" classname="mvc.controller.AppControllerTest"/>
  <testcase name="newToDo" time="0.0" classname="mvc.controller.AppControllerTest"/>
  <testcase name="saveToDoWithSuccess" time="0.0" classname="mvc.controller.AppControllerTest"/>
  <testcase name="saveToDoWithValidationError" time="0.001" classname="mvc.controller.AppControllerTest"/>
  <testcase name="updateToDoWithSuccess" time="0.001" classname="mvc.controller.AppControllerTest"/>
  <testcase name="updateToDoWithValidationError" time="0.0" classname="mvc.controller.AppControllerTest"/>
  <testcase name="deleteToDoByInvalidId" time="0.389" classname="mvc.dao.ToDoDaoImplTest"/>
  <testcase name="deleteToDoBySsn" time="0.003" classname="mvc.dao.ToDoDaoImplTest"/>
  <testcase name="findAllToDos" time="0.003" classname="mvc.dao.ToDoDaoImplTest"/>
  <testcase name="findById" time="0.024" classname="mvc.dao.ToDoDaoImplTest"/>
  <testcase name="findToDoById" time="0.07" classname="mvc.dao.ToDoDaoImplTest"/>
  <testcase name="saveToDo" time="0.026" classname="mvc.dao.ToDoDaoImplTest"/>
  <testcase name="deleteToDoBySsn" time="0.0" classname="mvc.service.ToDoServiceImplTest"/>
  <testcase name="findAllToDos" time="0.0" classname="mvc.service.ToDoServiceImplTest"/>
  <testcase name="findById" time="0.0" classname="mvc.service.ToDoServiceImplTest"/>
  <testcase name="findToDoBySsn" time="0.0" classname="mvc.service.ToDoServiceImplTest"/>
  <testcase name="isToDoSsnUnique" time="0.0" classname="mvc.service.ToDoServiceImplTest"/>
  <testcase name="saveToDo" time="0.0" classname="mvc.service.ToDoServiceImplTest"/>
  <testcase name="updateToDo" time="0.0" classname="mvc.service.ToDoServiceImplTest"/>
</testsuite> <!-- Command line test -->
